<?xml version="1.0" encoding="UTF-8"?>
<!-- Generated by org.testng.reporters.JUnitXMLReporter -->
<testsuite ignored="0" hostname="Bharathi-PC" failures="2" tests="2" name="Default test(failed)" time="30.542" errors="0" timestamp="01 Feb 2020 10:09:16 GMT">
  <testcase classname="com.netbanking.testcases.TC_LoginDDT_002" name="loginDDT" time="7.103">
    <failure type="junit.framework.AssertionFailedError">
      <![CDATA[junit.framework.AssertionFailedError
at junit.framework.Assert.fail(Assert.java:47)
at junit.framework.Assert.assertTrue(Assert.java:20)
at junit.framework.Assert.assertTrue(Assert.java:27)
at com.netbanking.testcases.TC_LoginDDT_002.loginDDT(TC_LoginDDT_002.java:37)
... Removed 25 stack frames]]>
    </failure>
  </testcase> <!-- loginDDT -->
  <testcase classname="com.netbanking.testcases.TC_LoginDDT_002" name="loginDDT" time="9.068">
    <failure type="junit.framework.AssertionFailedError">
      <![CDATA[junit.framework.AssertionFailedError
at junit.framework.Assert.fail(Assert.java:47)
at junit.framework.Assert.assertTrue(Assert.java:20)
at junit.framework.Assert.assertTrue(Assert.java:27)
at com.netbanking.testcases.TC_LoginDDT_002.loginDDT(TC_LoginDDT_002.java:37)
... Removed 25 stack frames]]>
    </failure>
  </testcase> <!-- loginDDT -->
</testsuite> <!-- Default test(failed) -->
